"report-def-1-rfile"
"Iteration" "lift-force"
("Iteration" "lift-force")
122 18.05937715841175
123 -1.097619620033096
124 1.582721392877522
125 3.343655129210618
126 2.775595993460737
127 2.305980522844642
128 1.846212529643264
129 1.537707921261575
130 1.350265766460054
131 1.284570402607815
132 1.265762921607705
133 1.249027182381202
134 1.257931086309649
135 1.283383356826902
136 1.303185369489185
137 1.289868931512204
138 1.276644586160993
139 1.266082832889145
140 1.254873627465549
141 1.242525483245111
142 1.239034632052379
143 1.250088314782858
144 1.254290710781357
145 1.236262732969479
146 1.213287946665307
147 1.212560045709888
148 1.225109006708491
149 1.210961728813075
150 1.164792243368956
151 1.125311772318345
152 1.128906443975768
153 1.140368496059478
154 1.109401669230582
155 1.05281499266564
156 1.031664982639646
157 1.063587080607043
158 1.080425907956542
159 1.050091068071242
160 1.019325841411389
161 1.042513837553195
162 1.078173096957243
163 1.066191111371814
164 1.030848492328375
165 1.035113098413529
166 1.065476360950183
167 1.062935383897187
168 1.039998161642603
169 1.050817856468962
170 1.082329320639292
171 1.08317388100269
172 1.076354675841424
173 1.102385831127492
174 1.131180379679094
175 1.128300249229094
176 1.116152878748964
177 1.131740682264899
178 1.137996453361398
179 1.110442536476535
180 1.08364237808465
181 1.084726711389727
182 1.075524946351654
183 1.038470343712396
184 1.012668856270347
185 1.016315037558294
186 1.006673307406801
187 0.9752910141646233
188 0.9622009021011017
189 0.9746679860476581
190 0.9767671477212897
191 0.9664795637038133
192 0.9833448793127546
193 1.027300522308409
194 1.058259749731406
195 1.073669486014609
196 1.104032045126842
197 1.137759941076218
198 1.13970307491645
199 1.123445896186216
200 1.125257782989456
201 1.130911192856376
202 1.111105453492566
203 1.08814311040391
204 1.094827630689674
205 1.104597053444553
206 1.092767782093986
207 1.087143699924604
208 1.110736815069228
209 1.130257851115023
210 1.129498234896901
211 1.138619905189641
212 1.17001185961031
213 1.191011450629103
214 1.191288093321993
215 1.200841692385546
216 1.221940225963552
217 1.222866294787164
218 1.203530518093575
219 1.194055659800477
220 1.186882805199527
221 1.156679778363814
222 1.113327417918745
223 1.084392294365374
224 1.054707961274685
225 1.00427105891903
226 0.9519605565448752
227 0.9255020382821372
228 0.9036131069013166
229 0.8664771476952463
230 0.8376549367380053
231 0.8371071501615873
232 0.8427639488423998
233 0.8437517509373035
234 0.8663389382532422
235 0.9214711164927268
236 0.9760429069944027
237 1.0109292997983
238 1.040804354638231
239 1.069671315661082
240 1.074806426470908
241 1.060891075182313
242 1.056984061698307
243 1.062519271931292
244 1.060660970619961
245 1.061285810690914
246 1.07075291380365
247 1.081624708610911
248 1.08315619319923
249 1.085257389462742
250 1.106376469940855
251 1.130834188983263
252 1.142314344961705
253 1.155332904299222
254 1.18414015024473
255 1.209652058839544
256 1.218033415373406
257 1.225371995401507
258 1.241801653613514
259 1.246896652868891
260 1.231365914037421
261 1.212395302342741
262 1.196897109496476
263 1.166515966874669
264 1.120242228133409
265 1.077291741413904
266 1.040289016310028
267 0.9928755608899488
268 0.9381748838996187
269 0.8968624367873133
270 0.8698205144390289
271 0.8409576480045332
272 0.8134412389644433
273 0.8035223000365054
274 0.8095957938314622
275 0.8222350287948683
276 0.8489322891094261
277 0.8997070270730747
278 0.9604091639953501
279 1.009325127316788
280 1.040372642543474
281 1.060657920686293
282 1.068921288464106
283 1.062207666234586
284 1.0526750583143
285 1.050537560496748
286 1.052499593442075
287 1.053783910565649
288 1.059596304555528
289 1.072683761975511
290 1.086945759011293
291 1.098626560214484
292 1.113920848826412
293 1.136330498489375
294 1.160111480480937
295 1.180784329626662
296 1.201055628454372
297 1.222486499231519
298 1.240123268956114
299 1.250587551293234
300 1.254923761656919
301 1.254417305123294
302 1.244758488894753
303 1.224094421072787
304 1.196908099351305
305 1.164714156185921
306 1.124411591692291
307 1.076947656607649
308 1.027133685239962
309 0.976172106744489
310 0.9300776763118503
311 0.8928950182512365
312 0.8605718674390521
313 0.8365494637992915
314 0.8208390505982274
315 0.8137898426883327
316 0.8189501798671861
317 0.8423951300822509
318 0.8834770564908089
319 0.9376550896549379
320 0.9927795817642688
321 1.035009249919672
322 1.059682889326766
323 1.070027624557512
324 1.069087507465902
325 1.062466736170945
326 1.056794315786173
327 1.054203049423129
328 1.056314883932664
329 1.063660855796527
330 1.072752787228585
331 1.083687927630841
332 1.097234815723451
333 1.113874690742095
334 1.133148883553167
335 1.153787496643379
336 1.175824174618953
337 1.19801842389161
338 1.218774400602058
339 1.236754133199088
340 1.249861260323282
341 1.257223102091553
342 1.258041310004493
343 1.248750146325246
344 1.23008267059579
345 1.205389909606252
346 1.175027661474561
347 1.138892195455067
348 1.097047630730069
349 1.047072728482098
350 0.9950873523184631
351 0.9474781521294098
352 0.9058388655632363
353 0.87019904584674
354 0.8418997345375193
355 0.8214648178302464
356 0.810680946261215
357 0.8125350815302077
358 0.8301581887496099
359 0.864768163527557
360 0.9154421741260121
361 0.9728430839766579
362 1.02149816571703
363 1.051611156383508
364 1.065655593551759
365 1.067455143475273
366 1.062211132616761
367 1.055485377033904
368 1.052556070516841
369 1.063156867720894
370 1.075514768284311
371 1.071423421146606
372 1.070285020991685
373 1.085676034770942
374 1.115093793835447
375 1.131797292081084
376 1.138686020154511
377 1.154372119560723
378 1.177445751714135
379 1.201871565736117
380 1.223295417875251
381 1.236511330390194
382 1.246898926200438
383 1.253655678272888
384 1.251439282324653
385 1.237284923181483
386 1.214057997841291
387 1.186776919581086
388 1.153568475044769
389 1.111582233356004
390 1.062176235850169
391 1.013271099936296
392 0.9660147986732515
393 0.9199799882523337
394 0.8786083434267312
395 0.8472466801069735
396 0.8242677057608875
397 0.8087502623922544
398 0.8045307243640319
399 0.8161992340481578
400 0.8448681625233884
401 0.8898109435156993
402 0.9452471256366678
403 0.998560188422671
404 1.037007308441583
405 1.058415966515611
406 1.065334255884796
407 1.062688466786035
408 1.05662862445101
409 1.050399540297248
410 1.047817206087823
411 1.051087313030995
412 1.059970724725337
413 1.069814438976537
414 1.081028374013269
415 1.096050631456435
416 1.114275359226847
417 1.134154684712229
418 1.154596145228182
419 1.176734721756604
420 1.199921935654149
421 1.220209828888278
422 1.23662377872476
423 1.258432096425029
424 1.286412493338993
425 1.305891037114406
426 1.274564332940584
427 1.221497314879962
428 1.181662902567628
429 1.144379370064227
430 1.107357128658515
431 1.061513253913278
432 1.013596568842139
433 0.9677006547750922
434 0.9236199653202275
435 0.88286738957814
436 0.8482474139632533
437 0.8239935971264812
438 0.8098022082840615
439 0.8034797963935979
440 0.8087813688231195
441 0.8316253106804142
442 0.8728218124652142
443 0.9263376665498108
444 0.981996231882468
445 1.028654570008297
446 1.057711655826733
447 1.068932691371336
448 1.067298827180003
449 1.06155001303378
450 1.05677429851237
451 1.053009215304131
452 1.051713461109114
453 1.056605945360632
454 1.06680461379431
455 1.077575490111322
456 1.089169946811746
457 1.104976152125424
458 1.124878651635262
459 1.145851747161951
460 1.167782221778166
461 1.191187973977503
462 1.213318246735757
463 1.23147166732872
464 1.245746804228189
465 1.254919413662411
466 1.256888139756229
467 1.250984514825508
468 1.235354815446481
469 1.21200507249696
470 1.18251031601504
471 1.145946747094048
472 1.102727972623595
473 1.054753939734227
474 1.00640583416099
475 0.9589041930542085
476 0.9141929250436804
477 0.875945594856014
478 0.8459576098898609
479 0.82341793162319
480 0.8106732764943343
481 0.8097022061516754
482 0.8221573117925325
483 0.8519220521964502
484 0.8990158345482365
485 0.9557972146422602
486 1.008240224960861
487 1.043314952443037
488 1.060989200949448
489 1.065818756981087
490 1.062509626175256
491 1.055540854566636
492 1.049344118055
493 1.048815849888145
494 1.057746085021591
495 1.07333005853671
496 1.084052774882185
497 1.089570163235465
498 1.100137535000454
499 1.116869842554276
500 1.13735145632932
501 1.159824265642618
502 1.181723822851474
503 1.203544465258646
504 1.224401224931212
505 1.240781880789601
506 1.251149368893376
507 1.255870736354164
508 1.253525806212379
509 1.242297455224281
510 1.221567992070273
511 1.193383433104428
512 1.159673422494319
513 1.120516873472931
514 1.07498260388435
515 1.025177187028879
516 0.9755909690569953
517 0.930718920205056
518 0.8941272939417968
519 0.8632283898101085
520 0.8365151480061314
521 0.8198742272210293
522 0.8129471301193769
523 0.8189972788395633
524 0.8407121168936008
525 0.8801550341754881
526 0.9333045009114238
527 0.9887164573686865
528 1.031083925366485
529 1.05618297512232
530 1.068145538389687
531 1.068872649527604
532 1.062855843627048
533 1.055907750753786
534 1.052881871232698
535 1.055497221979674
536 1.062126833904889
537 1.071208326192006
538 1.082789196988267
539 1.096395569201392
540 1.112853493064544
541 1.131527370599147
542 1.152030477565765
543 1.17469570003373
544 1.196496686813683
545 1.217023182479695
546 1.23494289376597
547 1.248843334728174
548 1.257416165062041
549 1.258751799539026
550 1.251573124674268
551 1.234816603793518
552 1.210752750727928
553 1.180187707464282
554 1.143472596869302
555 1.098317484226147
556 1.048354139365625
557 1.000209917578549
558 0.9549578314720635
559 0.9144972962876421
560 0.8783527860847086
561 0.8480986053484549
562 0.8273157287004793
563 0.8175390964478002
564 0.8188212668150202
565 0.8345029799699409
566 0.8672539543186611
567 0.9165658847042244
568 0.9725293472939217
569 1.021102127725512
570 1.052338347736451
571 1.066776539286981
572 1.069178994422795
573 1.064027182925668
574 1.05726286950424
575 1.053329088768834
576 1.053279448042451
577 1.058132739032368
578 1.066832810399535
579 1.077930017869999
580 1.091100446218503
581 1.106597939174493
582 1.124124278905376
583 1.14283653936159
584 1.163325279086174
585 1.188419205378869
586 1.213333371950403
587 1.230151923123929
588 1.241633481981537
589 1.25049734770554
590 1.254561021814086
591 1.251509632246732
592 1.239018665940654
593 1.217489769138584
594 1.18898550045855
595 1.155041650981832
596 1.115221660238341
597 1.068034074603207
598 1.017577321658753
599 0.9699936931226508
600 0.9256634377542051
601 0.8859571031288342
602 0.8532230635466971
603 0.8285260545089232
604 0.8137396158653764
605 0.8097934549094382
606 0.8178935179981732
607 0.843012970675958
608 0.8862381379281786
609 0.9415719287963192
610 0.9955384626110977
611 1.035974365225819
612 1.059038357653631
613 1.066984308922052
614 1.064473187859645
615 1.057879814916969
616 1.052177464801888
617 1.04925860517218
618 1.089582344516967
619 1.190267098107478
620 1.237122115306145
621 1.125999058044011
622 1.015151311504505
